[debug] [2024-11-10T18:53:48.954Z] ----------------------------------------------------------------------
[debug] [2024-11-10T18:53:48.968Z] Command:       C:\Program Files\nodejs\node.exe C:\Users\LENOVO\AppData\Roaming\npm\node_modules\firebase-tools\lib\bin\firebase.js init
[debug] [2024-11-10T18:53:48.969Z] CLI Version:   13.24.2
[debug] [2024-11-10T18:53:48.969Z] Platform:      win32
[debug] [2024-11-10T18:53:48.969Z] Node Version:  v20.15.1
[debug] [2024-11-10T18:53:48.969Z] Time:          Sun Nov 10 2024 18:53:48 GMT+0000 (temps universel coordonné)
[debug] [2024-11-10T18:53:48.970Z] ----------------------------------------------------------------------
[debug] 
[debug] [2024-11-10T18:53:48.985Z] > command requires scopes: ["email","openid","https://www.googleapis.com/auth/cloudplatformprojects.readonly","https://www.googleapis.com/auth/firebase","https://www.googleapis.com/auth/cloud-platform"]
[debug] [2024-11-10T18:53:48.986Z] > authorizing via signed-in user (dibifondy02@gmail.com)
[info] 
     ######## #### ########  ######## ########     ###     ######  ########
     ##        ##  ##     ## ##       ##     ##  ##   ##  ##       ##
     ######    ##  ########  ######   ########  #########  ######  ######
     ##        ##  ##    ##  ##       ##     ## ##     ##       ## ##
     ##       #### ##     ## ######## ########  ##     ##  ######  ########

You're about to initialize a Firebase project in this directory:

  C:\Users\LENOVO\Documents\Projets\shopping

[info] 
=== Project Setup
[info] 
[info] First, let's associate this project directory with a Firebase project.
[info] You can create multiple project aliases by running firebase use --add, 
[info] but for now we'll just set up a default project.
[info] 
[debug] [2024-11-10T18:54:39.274Z] Checked if tokens are valid: true, expires at: 1731268107731
[debug] [2024-11-10T18:54:39.274Z] Checked if tokens are valid: true, expires at: 1731268107731
[debug] [2024-11-10T18:54:39.279Z] >>> [apiv2][query] GET https://firebase.googleapis.com/v1beta1/projects pageSize=100
[debug] [2024-11-10T18:54:40.418Z] <<< [apiv2][status] GET https://firebase.googleapis.com/v1beta1/projects 200
[debug] [2024-11-10T18:54:40.418Z] <<< [apiv2][body] GET https://firebase.googleapis.com/v1beta1/projects [omitted]
[info] i  Using project college-eburnie (College Eburnie) 
[info] 
=== Dataconnect Setup
[debug] [2024-11-10T18:54:55.325Z] Checked if tokens are valid: true, expires at: 1731268107731
[debug] [2024-11-10T18:54:55.325Z] Checked if tokens are valid: true, expires at: 1731268107731
[debug] [2024-11-10T18:54:55.325Z] >>> [apiv2][query] GET https://cloudbilling.googleapis.com/v1/projects/college-eburnie/billingInfo [none]
[debug] [2024-11-10T18:54:57.093Z] <<< [apiv2][status] GET https://cloudbilling.googleapis.com/v1/projects/college-eburnie/billingInfo 200
[debug] [2024-11-10T18:54:57.094Z] <<< [apiv2][body] GET https://cloudbilling.googleapis.com/v1/projects/college-eburnie/billingInfo {"name":"projects/college-eburnie/billingInfo","projectId":"college-eburnie","billingAccountName":"","billingEnabled":false}
[info] i  dataconnect: ensuring required API sqladmin.googleapis.com is enabled... 
[debug] [2024-11-10T18:54:57.096Z] Checked if tokens are valid: true, expires at: 1731268107731
[debug] [2024-11-10T18:54:57.096Z] Checked if tokens are valid: true, expires at: 1731268107731
[debug] [2024-11-10T18:54:57.096Z] >>> [apiv2][query] GET https://serviceusage.googleapis.com/v1/projects/college-eburnie/services/sqladmin.googleapis.com [none]
[debug] [2024-11-10T18:54:57.096Z] >>> [apiv2][(partial)header] GET https://serviceusage.googleapis.com/v1/projects/college-eburnie/services/sqladmin.googleapis.com x-goog-quota-user=projects/college-eburnie
[debug] [2024-11-10T18:54:59.375Z] <<< [apiv2][status] GET https://serviceusage.googleapis.com/v1/projects/college-eburnie/services/sqladmin.googleapis.com 200
[debug] [2024-11-10T18:54:59.375Z] <<< [apiv2][body] GET https://serviceusage.googleapis.com/v1/projects/college-eburnie/services/sqladmin.googleapis.com [omitted]
[warn] !  dataconnect: missing required API sqladmin.googleapis.com. Enabling now... 
[debug] [2024-11-10T18:54:59.379Z] Checked if tokens are valid: true, expires at: 1731268107731
[debug] [2024-11-10T18:54:59.380Z] Checked if tokens are valid: true, expires at: 1731268107731
[debug] [2024-11-10T18:54:59.381Z] >>> [apiv2][query] POST https://serviceusage.googleapis.com/v1/projects/college-eburnie/services/sqladmin.googleapis.com:enable [none]
[debug] [2024-11-10T18:54:59.381Z] >>> [apiv2][(partial)header] POST https://serviceusage.googleapis.com/v1/projects/college-eburnie/services/sqladmin.googleapis.com:enable x-goog-quota-user=projects/college-eburnie
[debug] [2024-11-10T18:55:00.615Z] <<< [apiv2][status] POST https://serviceusage.googleapis.com/v1/projects/college-eburnie/services/sqladmin.googleapis.com:enable 200
[debug] [2024-11-10T18:55:00.615Z] <<< [apiv2][body] POST https://serviceusage.googleapis.com/v1/projects/college-eburnie/services/sqladmin.googleapis.com:enable [omitted]
[debug] [2024-11-10T18:55:10.626Z] Checked if tokens are valid: true, expires at: 1731268107731
[debug] [2024-11-10T18:55:10.627Z] Checked if tokens are valid: true, expires at: 1731268107731
[debug] [2024-11-10T18:55:10.627Z] >>> [apiv2][query] GET https://serviceusage.googleapis.com/v1/projects/college-eburnie/services/sqladmin.googleapis.com [none]
[debug] [2024-11-10T18:55:10.627Z] >>> [apiv2][(partial)header] GET https://serviceusage.googleapis.com/v1/projects/college-eburnie/services/sqladmin.googleapis.com x-goog-quota-user=projects/college-eburnie
[debug] [2024-11-10T18:55:11.916Z] <<< [apiv2][status] GET https://serviceusage.googleapis.com/v1/projects/college-eburnie/services/sqladmin.googleapis.com 200
[debug] [2024-11-10T18:55:11.917Z] <<< [apiv2][body] GET https://serviceusage.googleapis.com/v1/projects/college-eburnie/services/sqladmin.googleapis.com [omitted]
[info] +  dataconnect: required API sqladmin.googleapis.com is enabled 
[info] +  Wrote dataconnect\dataconnect.yaml 
[info] +  Wrote dataconnect\schema\schema.gql 
[info] +  Wrote dataconnect\connector\connector.yaml 
[info] +  Wrote dataconnect\connector\queries.gql 
[info] +  Wrote dataconnect\connector\mutations.gql 
[info] +  Detected WEB app in directory C:\Users\LENOVO\Documents\Projets\shopping 
[info] i  Wrote new config to C:\Users\LENOVO\Documents\Projets\shopping\dataconnect\connector/connector.yaml 
[info] i  dataconnect: downloading dataconnect-emulator-1.6.1.exe... {"metadata":{"emulator":{"name":"dataconnect"},"message":"downloading dataconnect-emulator-1.6.1.exe..."}}
[debug] [2024-11-10T18:55:21.449Z] >>> [apiv2][query] GET https://storage.googleapis.com/firemat-preview-drop/emulator/dataconnect-emulator-windows-v1.6.1 
[debug] [2024-11-10T18:55:22.248Z] <<< [apiv2][status] GET https://storage.googleapis.com/firemat-preview-drop/emulator/dataconnect-emulator-windows-v1.6.1 200
[debug] [2024-11-10T18:55:22.249Z] <<< [apiv2][body] GET https://storage.googleapis.com/firemat-preview-drop/emulator/dataconnect-emulator-windows-v1.6.1 [stream]
[info] I1110 18:55:48.429404    2896 codegen.go:82] [connector "default" javascriptSdk] Generating sources into "C:\\Users\\LENOVO\\Documents\\Projets\\shopping\\dataconnect-generated\\js\\default-connector"
I1110 18:55:48.921581    2896 generate.go:40] Generated all sources. Writing them to disk...
I1110 18:55:49.035541    2896 collector.go:107] connector "default" javascriptSdk wrote into "C:\\Users\\LENOVO\\Documents\\Projets\\shopping\\dataconnect-generated\\js\\default-connector"
Generated sources: index.d.ts [264B] esm\index.esm.js [181B] esm\package.json [17B] index.cjs.js [222B] package.json [623B] 
I1110 18:55:49.193510    2896 installsdk.go:76] Running command: C:\Program Files\nodejs\npm.cmd install file:dataconnect-generated\js\default-connector

